<?xml version="1.0" encoding="UTF-8"?>
<!-- Generated by org.testng.reporters.JUnitReportReporter -->
<testsuite hostname="Lenovo" failures="0" tests="1" name="com.inetBanking.testCases.TC_AddCustomerTester_003" time="39.842" errors="0" timestamp="18 Apr 2023 09:15:22 GMT" skipped="0">
  <testcase classname="com.inetBanking.testCases.TC_AddCustomerTester_003" name="addNewCustomer" time="39.842"/>
</testsuite> <!-- com.inetBanking.testCases.TC_AddCustomerTester_003 -->
